11 Apr 2017 20:57:55 [pool-2-thread-1,89] WARN  eu.unitn.disi.db.exemplar.core.algorithms.steps.EDMatchingRecursiveStep - More than 10000 partial isomorphic results
11 Apr 2017 20:57:55 [pool-2-thread-1,89] WARN  eu.unitn.disi.db.exemplar.core.algorithms.steps.EDMatchingRecursiveStep - Computation interrupted after 10004 partial isomorphic results
11 Apr 2017 20:57:55 [pool-2-thread-1,89] WARN  eu.unitn.disi.db.exemplar.core.algorithms.steps.EDMatchingRecursiveStep - More than 10000 partial isomorphic results
11 Apr 2017 20:57:55 [pool-2-thread-1,89] WARN  eu.unitn.disi.db.exemplar.core.algorithms.steps.EDMatchingRecursiveStep - Computation interrupted after 10005 partial isomorphic results
11 Apr 2017 20:57:55 [pool-2-thread-1,89] WARN  eu.unitn.disi.db.exemplar.core.algorithms.steps.EDMatchingRecursiveStep - More than 10000 partial isomorphic results
11 Apr 2017 20:57:55 [pool-2-thread-1,89] WARN  eu.unitn.disi.db.exemplar.core.algorithms.steps.EDMatchingRecursiveStep - Computation interrupted after 10006 partial isomorphic results
11 Apr 2017 20:57:55 [pool-2-thread-1,89] WARN  eu.unitn.disi.db.exemplar.core.algorithms.steps.EDMatchingRecursiveStep - More than 10000 partial isomorphic results
11 Apr 2017 20:57:55 [pool-2-thread-1,89] WARN  eu.unitn.disi.db.exemplar.core.algorithms.steps.EDMatchingRecursiveStep - Computation interrupted after 10007 partial isomorphic results
11 Apr 2017 21:00:49 [pool-2-thread-1,89] WARN  eu.unitn.disi.db.exemplar.core.algorithms.steps.EDMatchingRecursiveStep - More than 10000 partial isomorphic results
11 Apr 2017 21:00:49 [pool-2-thread-1,89] WARN  eu.unitn.disi.db.exemplar.core.algorithms.steps.EDMatchingRecursiveStep - Computation interrupted after 10001 partial isomorphic results
11 Apr 2017 21:00:49 [pool-2-thread-1,89] WARN  eu.unitn.disi.db.exemplar.core.algorithms.steps.EDMatchingRecursiveStep - More than 10000 partial isomorphic results
11 Apr 2017 21:00:49 [pool-2-thread-1,89] WARN  eu.unitn.disi.db.exemplar.core.algorithms.steps.EDMatchingRecursiveStep - Computation interrupted after 10002 partial isomorphic results
11 Apr 2017 21:00:49 [pool-2-thread-1,89] WARN  eu.unitn.disi.db.exemplar.core.algorithms.steps.EDMatchingRecursiveStep - More than 10000 partial isomorphic results
11 Apr 2017 21:00:49 [pool-2-thread-1,89] WARN  eu.unitn.disi.db.exemplar.core.algorithms.steps.EDMatchingRecursiveStep - Computation interrupted after 10003 partial isomorphic results
11 Apr 2017 21:00:49 [pool-2-thread-1,89] WARN  eu.unitn.disi.db.exemplar.core.algorithms.steps.EDMatchingRecursiveStep - More than 10000 partial isomorphic results
11 Apr 2017 21:00:49 [pool-2-thread-1,89] WARN  eu.unitn.disi.db.exemplar.core.algorithms.steps.EDMatchingRecursiveStep - Computation interrupted after 10004 partial isomorphic results
11 Apr 2017 21:00:49 [pool-2-thread-1,89] WARN  eu.unitn.disi.db.exemplar.core.algorithms.steps.EDMatchingRecursiveStep - More than 10000 partial isomorphic results
11 Apr 2017 21:00:49 [pool-2-thread-1,89] WARN  eu.unitn.disi.db.exemplar.core.algorithms.steps.EDMatchingRecursiveStep - Computation interrupted after 10005 partial isomorphic results
11 Apr 2017 21:00:49 [pool-2-thread-1,89] WARN  eu.unitn.disi.db.exemplar.core.algorithms.steps.EDMatchingRecursiveStep - More than 10000 partial isomorphic results
11 Apr 2017 21:00:49 [pool-2-thread-1,89] WARN  eu.unitn.disi.db.exemplar.core.algorithms.steps.EDMatchingRecursiveStep - Computation interrupted after 10006 partial isomorphic results
11 Apr 2017 21:00:49 [pool-2-thread-1,89] WARN  eu.unitn.disi.db.exemplar.core.algorithms.steps.EDMatchingRecursiveStep - More than 10000 partial isomorphic results
11 Apr 2017 21:00:49 [pool-2-thread-1,89] WARN  eu.unitn.disi.db.exemplar.core.algorithms.steps.EDMatchingRecursiveStep - Computation interrupted after 10007 partial isomorphic results
13 Apr 2017 09:38:05 [main,89] ERROR eu.unitn.disi.db.exemplar.core.algorithms.EditDistanceQuerySearch - java.util.concurrent.ExecutionException: java.lang.NullPointerException
13 Apr 2017 09:49:52 [main,89] ERROR eu.unitn.disi.db.exemplar.core.algorithms.EditDistanceQuerySearch - java.util.concurrent.ExecutionException: java.lang.NullPointerException
13 Apr 2017 10:36:07 [main,89] ERROR eu.unitn.disi.db.exemplar.core.algorithms.EditDistanceQuerySearch - java.util.concurrent.ExecutionException: java.lang.NullPointerException
13 Apr 2017 10:36:20 [main,89] ERROR eu.unitn.disi.db.exemplar.core.algorithms.EditDistanceQuerySearch - java.util.concurrent.ExecutionException: java.lang.NullPointerException
13 Apr 2017 10:36:49 [main,89] ERROR eu.unitn.disi.db.exemplar.core.algorithms.EditDistanceQuerySearch - java.util.concurrent.ExecutionException: java.lang.NullPointerException
13 Apr 2017 10:36:49 [main,89] ERROR eu.unitn.disi.db.exemplar.core.algorithms.EditDistanceQuerySearch - java.util.concurrent.ExecutionException: java.lang.NullPointerException
13 Apr 2017 11:15:28 [main,89] ERROR eu.unitn.disi.db.exemplar.core.algorithms.EditDistanceQuerySearch - java.util.concurrent.ExecutionException: java.lang.NullPointerException
13 Apr 2017 11:23:14 [main,89] ERROR eu.unitn.disi.db.exemplar.core.algorithms.EditDistanceQuerySearch - java.util.concurrent.ExecutionException: java.lang.NullPointerException
13 Apr 2017 11:45:57 [main,89] ERROR eu.unitn.disi.db.exemplar.core.algorithms.EditDistanceQuerySearch - java.util.concurrent.ExecutionException: java.lang.NullPointerException
13 Apr 2017 14:46:29 [main,89] ERROR eu.unitn.disi.db.exemplar.core.algorithms.EditDistanceQuerySearch - java.util.concurrent.ExecutionException: java.lang.NullPointerException
13 Apr 2017 14:54:16 [main,89] ERROR eu.unitn.disi.db.exemplar.core.algorithms.EditDistanceQuerySearch - java.util.concurrent.ExecutionException: java.lang.NullPointerException
13 Apr 2017 14:54:37 [main,89] ERROR eu.unitn.disi.db.exemplar.core.algorithms.EditDistanceQuerySearch - java.util.concurrent.ExecutionException: java.lang.NullPointerException
13 Apr 2017 14:55:37 [main,89] ERROR eu.unitn.disi.db.exemplar.core.algorithms.EditDistanceQuerySearch - java.util.concurrent.ExecutionException: java.lang.NullPointerException
13 Apr 2017 16:06:30 [main,89] ERROR eu.unitn.disi.db.exemplar.core.algorithms.EditDistanceQuerySearch - java.util.concurrent.ExecutionException: java.lang.ClassCastException: eu.unitn.disi.db.exemplar.core.EditDistanceQuery cannot be cast to eu.unitn.disi.db.exemplar.core.IsomorphicQuery
18 Aug 2019 11:21:35 [main,89] ERROR eu.unitn.disi.db.exemplar.core.algorithms.EditDistanceQuerySearch - java.util.concurrent.ExecutionException: java.lang.IllegalArgumentException: Query edge 70779052885048-[1000010474]->70779052885048 is not present in the original query
18 Aug 2019 11:30:02 [pool-26-thread-1,89] WARN  eu.unitn.disi.db.exemplar.core.algorithms.steps.EDMatchingRecursiveStep - More than 2147483647 partial isomorphic results
18 Aug 2019 11:30:02 [pool-26-thread-1,89] WARN  eu.unitn.disi.db.exemplar.core.algorithms.steps.EDMatchingRecursiveStep - Computation interrupted after 287822 partial isomorphic results
02 Sep 2019 15:19:57 [pool-7-thread-1,89] WARN  eu.unitn.disi.db.exemplar.core.algorithms.steps.EDMatchingRecursiveStep - More than 2147483647 partial isomorphic results
02 Sep 2019 15:19:57 [pool-7-thread-1,89] WARN  eu.unitn.disi.db.exemplar.core.algorithms.steps.EDMatchingRecursiveStep - Computation interrupted after 14508 partial isomorphic results
02 Sep 2019 15:44:35 [pool-2-thread-1,89] WARN  eu.unitn.disi.db.exemplar.core.algorithms.steps.EDMatchingRecursiveStep - More than 2147483647 partial isomorphic results
02 Sep 2019 15:44:35 [pool-2-thread-1,89] WARN  eu.unitn.disi.db.exemplar.core.algorithms.steps.EDMatchingRecursiveStep - Computation interrupted after 14196 partial isomorphic results
04 Sep 2019 21:59:29 [pool-2-thread-1,89] WARN  eu.unitn.disi.db.exemplar.core.algorithms.steps.EDMatchingRecursiveStep - More than 2147483647 partial isomorphic results
04 Sep 2019 21:59:29 [pool-2-thread-1,89] WARN  eu.unitn.disi.db.exemplar.core.algorithms.steps.EDMatchingRecursiveStep - Computation interrupted after 14196 partial isomorphic results
04 Sep 2019 22:00:42 [pool-2-thread-1,89] WARN  eu.unitn.disi.db.exemplar.core.algorithms.steps.EDMatchingRecursiveStep - More than 2147483647 partial isomorphic results
04 Sep 2019 22:00:42 [pool-2-thread-1,89] WARN  eu.unitn.disi.db.exemplar.core.algorithms.steps.EDMatchingRecursiveStep - Computation interrupted after 14196 partial isomorphic results
